Command line:
"travis"


   ________                                 __
  /        |                               /  |
  ########/ ______    ______    __     __  ##/    _______
     ## |  /      \  /      \  /  \   /  | /  |  /       |
     ## | /######  | ######  | ##  \ /##/  ## | /#######/
     ## | ## |  ##/  /    ## |  ##  /##/   ## | ##      \
     ## | ## |      /####### |   ## ##/    ## |  ######  |
     ## | ## |      ##    ## |    ###/     ## | /     ##/
     ##/  ##/        #######/      #/      ##/  #######/

     TRajectory Analyzer and VISualizer  -  Open-source freeware under GNU GPL v3

     Copyright (c) Martin Brehm      (2009-2014)
                   Martin Thomas     (2012-2014)
                   Barbara Kirchner  (2009-2014)
                   University of Leipzig / University of Bonn.

     http://www.travis-analyzer.de

     Please cite:
     M. Brehm and B. Kirchner, J. Chem. Inf. Model. 2011, 51 (8), pp 2007-2023.

     There is absolutely no warranty on any results obtained from TRAVIS.

  #  Running on shrey-HP-ENVY-15-Notebook-PC at Tue Jan  6 23:08:26 2015 (PID 26473).
  #  Running in /home/shrey/Desktop/Programming/Rails/amahi
  #  Source code version: Jan 17 2014.
  #  Compiled at Jan 19 2014 05:12:11.
  #  Compiler version: 4.8.2
  #  Target platform: Linux
  #  Compile flags: DEBUG_ARRAYS 
  #  Machine: int=4b, long=8b, addr=8b, 0xA0B0C0D0=D0,C0,B0,A0.
  #  User home: /home/shrey
  #  Exe path: /usr/bin/travis
  #  Input from terminal, Output to terminal

 >>> Please use a color scheme with dark background or specify "-nocolor"! <<<

    Loading configuration from /home/shrey/.travis.conf ...

    No trajectory file specified.
    Please use the -p flag to specify an input trajectory in the command line.

    Enter the file name of the trajectory file to open: [Quit] 

*** SIGTERM caught: Terminating ***
TRAVIS apparently has crashed :-( Sorry.
Please send the Log File (travis.log) to the developer,
making him able to analyze this error.
Decoding line numbers... ("addr2line <addr> -f -i -C -e /usr/bin/travis")
 # 15 - [0x0044dee1] - ?? - ??:0 
 # 14 - [0x0044e2f3] - ?? - ??:0 
 # 13 - [0x0044e3d5] - ?? - ??:0 
 # 11 - [0x0044dd80] - ?? - ??:0 
 #  4 - [0x0052e70c] - ?? - ??:0 
 #  3 - [0x00403c66] - ?? - ??:0 
 #  1 - [0x00433d0a] - ?? - ??:0 
Delivering Control to Operating System.
